Migrations: Up to date at version 004
Ghost is running in development... 
Listening on 0.0.0.0:2368 
Url configured as: http://sigmoid.xyz:2368 
Ctrl+C to shut down
[0mGET / [32m200 [0m197.680 ms - -[0m
[0mGET /assets/js/jquery.fitvids.js?v=81c23042e7 [32m200 [0m8.471 ms - -[0m
[0mGET /assets/css/screen.css?v=81c23042e7 [32m200 [0m7.431 ms - -[0m
[0mGET /assets/js/index.js?v=81c23042e7 [32m200 [0m1.820 ms - -[0m
[0mGET /assets/fonts/casper-icons.woff?v=1 [36m304 [0m4.848 ms - -[0m
[0mGET / [0m- [0m- ms - -[0m
[0mGET /ghost [36m303 [0m1.656 ms - 45[0m
[0mGET /ghost/ [36m302 [0m23.176 ms - 82[0m
[0mGET /ghost/setup/ [32m200 [0m906.210 ms - -[0m
[0mGET /ghost/vendor.css?v=81c23042e7 [32m200 [0m9.249 ms - -[0m
[0mGET /ghost/ghost.css?v=81c23042e7 [32m200 [0m7.126 ms - -[0m
[0mGET /ghost/ghost.js?v=81c23042e7 [32m200 [0m1.490 ms - -[0m
[0mGET /ghost/vendor.js?v=81c23042e7 [32m200 [0m7.578 ms - -[0m
[0mGET /ghost/api/v0.1/authentication/setup/ [32m200 [0m21.443 ms - 28[0m
[0mGET /ghost/img/install-welcome.png [32m200 [0m1.504 ms - 240204[0m
[0mGET /shared/img/user-image.png [32m200 [0m0.864 ms - 2421[0m
[0mGET /ghost/fonts/ghosticons.woff [32m200 [0m3.788 ms - 11036[0m
[0mPOST /ghost/api/v0.1/authentication/setup/ [32m201 [0m534.942 ms - 455[0m
[0mPOST /ghost/api/v0.1/authentication/token [32m200 [0m386.652 ms - -[0m
[0mGET /ghost/img/users.png [32m200 [0m1.308 ms - 49253[0m
[0mGET /ghost/img/invite-placeholder.png [32m200 [0m0.885 ms - 7860[0m
[0mGET /ghost/api/v0.1/users/me/?include=roles&status=all [32m200 [0m44.732 ms - 694[0m
[0mGET /ghost/api/v0.1/notifications/ [32m200 [0m34.667 ms - 345[0m
[0mGET /ghost/api/v0.1/posts/?page=1&limit=15&status=all&staticPages=all&include=tags [32m200 [0m64.254 ms - -[0m
[0mGET /ghost/api/v0.1/settings/?type=blog%2Ctheme%2Cprivate [32m200 [0m23.630 ms - -[0m
[0mPOST /ghost/api/v0.1/uploads/ [32m200 [0m3989.767 ms - 40[0m
[0mGET /ghost/img/loadingcat.gif [32m200 [0m2.419 ms - 20207[0m
[0mGET /content/images/2015/12/IMG_1798-2.jpg [32m200 [0m1.271 ms - 5296804[0m
[0mPOST /ghost/api/v0.1/uploads/ [32m200 [0m3463.926 ms - 42[0m
[0mGET /content/images/2015/12/IMG_1798-2-1.jpg [32m200 [0m2.009 ms - 5296804[0m
[0mPUT /ghost/api/v0.1/settings/ [32m200 [0m276.990 ms - -[0m
[0mPOST /ghost/api/v0.1/uploads/ [32m200 [0m95.975 ms - 58[0m
[0mGET /content/images/2015/12/2015-05-28-22-44-30-copy-01.jpeg [32m200 [0m1.324 ms - 254827[0m
[0mPUT /ghost/api/v0.1/settings/ [32m200 [0m301.943 ms - -[0m
[0mPUT /ghost/api/v0.1/settings/ [32m200 [0m319.834 ms - -[0m
[0mPUT /ghost/api/v0.1/settings/ [32m200 [0m337.081 ms - -[0m
[0mGET / [32m200 [0m148.099 ms - -[0m
[0mGET / [32m200 [0m55.533 ms - -[0m
[0mGET /assets/js/head-scripts.min.js?v=81c23042e7 [32m200 [0m4.800 ms - -[0m
[0mGET /assets/css/main.min.css?v=81c23042e7 [32m200 [0m7.657 ms - -[0m
[0mGET /assets/js/foot-scripts.min.js?v=81c23042e7 [32m200 [0m8.741 ms - -[0m
[0mGET /assets/js/foot-scripts.min.js?v=81c23042e7 [32m200 [0m2.232 ms - -[0m
[0mGET /assets/js/head-scripts.min.js?v=81c23042e7 [32m200 [0m1.492 ms - -[0m
[0mGET /assets/css/main.min.css?v=81c23042e7 [32m200 [0m1.749 ms - -[0m
[0mGET /assets/fonts/fontawesome-webfont.woff?v=4.1.0 [32m200 [0m3.903 ms - 83760[0m
[0mGET /assets/fonts/fontawesome-webfont.woff?v=4.1.0 [32m200 [0m2.002 ms - 83760[0m
[0mGET /welcome-to-ghost/ [32m200 [0m55.928 ms - -[0m
[0mGET /welcome-to-ghost/ [36m304 [0m60.389 ms - -[0m
[0mGET /?_pjax=%5Bdata-pjax-container%5D [32m200 [0m55.520 ms - -[0m
[0mGET / [32m200 [0m63.651 ms - -[0m
[0mGET /assets/css/main.min.css?v=81c23042e7 [32m200 [0m1.710 ms - -[0m
[0mGET /assets/js/head-scripts.min.js?v=81c23042e7 [32m200 [0m1.342 ms - -[0m
[0mGET /assets/js/foot-scripts.min.js?v=81c23042e7 [32m200 [0m1.284 ms - -[0m
[0mGET /assets/fonts/fontawesome-webfont.woff?v=4.1.0 [32m200 [0m2.135 ms - 83760[0m
[0mGET /content/images/2015/12/2015-05-28-22-44-30-copy-01.jpeg [32m200 [0m1.304 ms - 254827[0m
[0mGET /content/images/2015/12/IMG_1798-2-1.jpg [32m200 [0m1.060 ms - 5296804[0m
[0mGET /favicon.ico [32m200 [0m1.020 ms - -[0m
[0mGET /apple-touch-icon-precomposed.png [32m200 [0m1.281 ms - 1930[0m
[0mGET /welcome-to-ghost/?_pjax=%5Bdata-pjax-container%5D [32m200 [0m42.161 ms - -[0m
[0mGET /welcome-to-ghost/ [32m200 [0m45.483 ms - -[0m
[0mGET /?_pjax=%5Bdata-pjax-container%5D [32m200 [0m57.786 ms - -[0m
[0mGET /rss/ [32m200 [0m38.429 ms - -[0m

Ghost has shut down

Ghost was running for 517 seconds
Migrations: Up to date at version 004
Ghost is running in development... 
Listening on 0.0.0.0:2368 
Url configured as: http://sigmoid.xyz:2368 
Ctrl+C to shut down
[0mGET / [32m200 [0m187.172 ms - -[0m
[0mGET /assets/js/foot-scripts.min.js?v=5f2c74bc60 [32m200 [0m7.153 ms - -[0m
[0mGET /assets/js/head-scripts.min.js?v=5f2c74bc60 [32m200 [0m8.253 ms - -[0m
[0mGET /assets/css/main.min.css?v=5f2c74bc60 [32m200 [0m8.253 ms - -[0m
[0mGET / [32m200 [0m74.713 ms - -[0m
[0mGET /ghost/setup/ [32m200 [0m56.703 ms - -[0m
[0mGET /ghost/vendor.css?v=5f2c74bc60 [32m200 [0m1.860 ms - -[0m
[0mGET /ghost/ghost.css?v=5f2c74bc60 [32m200 [0m2.087 ms - -[0m
[0mGET /ghost [36m303 [0m1.584 ms - 45[0m
[0mGET /ghost/ghost.js?v=5f2c74bc60 [32m200 [0m2.830 ms - -[0m
[0mGET /ghost/vendor.js?v=5f2c74bc60 [32m200 [0m5.289 ms - -[0m
[0mGET /ghost/ [32m200 [0m24.960 ms - -[0m
[0mGET /ghost/ghost.js?v=5f2c74bc60 [32m200 [0m3.192 ms - -[0m
[0mGET /ghost/vendor.js?v=5f2c74bc60 [32m200 [0m4.938 ms - -[0m
[0mGET /ghost/setup/ [32m200 [0m29.712 ms - -[0m
[0mGET /ghost/setup/ [32m200 [0m18.931 ms - -[0m
[0mGET /ghost/ghost.js?v=5f2c74bc60 [32m200 [0m3.369 ms - -[0m
[0mGET /ghost/ghost.js?v=5f2c74bc60 [32m200 [0m2.287 ms - -[0m
[0mGET /ghost/vendor.js?v=5f2c74bc60 [32m200 [0m1.240 ms - -[0m
[0mGET /ghost/vendor.js?v=5f2c74bc60 [32m200 [0m1.676 ms - -[0m
[0mGET /ghost/api/v0.1/users/me/?include=roles&status=all [32m200 [0m38.335 ms - 694[0m
[0mGET /ghost/api/v0.1/notifications/ [32m200 [0m35.434 ms - 345[0m
[0mGET /ghost/api/v0.1/posts/?page=1&limit=15&status=all&staticPages=all&include=tags [32m200 [0m53.529 ms - -[0m
[0mGET /ghost/api/v0.1/users/me/?include=roles&status=all [32m200 [0m107.857 ms - 694[0m
[0mGET /ghost/api/v0.1/notifications/ [32m200 [0m30.453 ms - 345[0m
[0mGET /ghost/api/v0.1/posts/?page=1&limit=15&status=all&staticPages=all&include=tags [32m200 [0m41.487 ms - -[0m
[0mGET /ghost/api/v0.1/settings/?type=blog%2Ctheme%2Cprivate [32m200 [0m25.988 ms - -[0m
[0mPOST /ghost/api/v0.1/uploads/ [32m200 [0m2957.073 ms - 42[0m
[0mGET /content/images/2015/12/IMG_1798-2-2.jpg [32m200 [0m1.261 ms - 739041[0m
[0mPOST /ghost/api/v0.1/uploads/ [32m200 [0m508.800 ms - 42[0m
[0mGET /content/images/2015/12/IMG_1798-2-3.jpg [32m200 [0m1.396 ms - 552560[0m
[0mPUT /ghost/api/v0.1/settings/ [32m200 [0m273.426 ms - -[0m
[0mPUT /ghost/api/v0.1/settings/ [32m200 [0m265.301 ms - -[0m
[0mGET / [32m200 [0m76.501 ms - -[0m
[0mGET / [32m200 [0m98.090 ms - -[0m
[0mGET /?_pjax=%5Bdata-pjax-container%5D [32m200 [0m48.172 ms - -[0m
[0mGET /?_pjax=%5Bdata-pjax-container%5D [36m304 [0m46.936 ms - -[0m
